<?xml version="1.0" encoding="UTF-8"?>
<!-- Generated by org.testng.reporters.JUnitReportReporter -->
<testsuite skipped="3" hostname="harshada" name="LoginPageTest" tests="4" failures="0" timestamp="2021-09-18T19:40:44 IST" time="3.985" errors="1">
  <testcase name="doLoginTest" time="0.000" classname="LoginPageTest">
    <skipped/>
  </testcase> <!-- doLoginTest -->
  <testcase name="setup" time="3.985" classname="LoginPageTest">
    <error type="org.openqa.selenium.SessionNotCreatedException" message="session not created: This version of ChromeDriver only supports Chrome version 89
Current browser version is 93.0.4577.63 with binary path C:\Program Files (x86)\Google\Chrome\Application\chrome.exe
Build info: version: &#039;3.8.1&#039;, revision: &#039;6e95a6684b&#039;, time: &#039;2017-12-01T18:33:54.468Z&#039;
System info: host: &#039;HARSHADA&#039;, ip: &#039;192.168.1.104&#039;, os.name: &#039;Windows 8.1&#039;, os.arch: &#039;amd64&#039;, os.version: &#039;6.3&#039;, java.version: &#039;1.8.0_161&#039;
Driver info: driver.version: ChromeDriver
remote stacktrace: Backtrace:
	Ordinal0 [0x00B5E7D3+124883]
	Ordinal0 [0x00B5E7B1+124849]
	GetHandleVerifier [0x00DA8688+193832]
	GetHandleVerifier [0x00DC3AC5+305509]
	GetHandleVerifier [0x00DC021B+291003]
	GetHandleVerifier [0x00DBE0AC+282444]
	GetHandleVerifier [0x00DE4A90+440624]
	GetHandleVerifier [0x00DE47FC+439964]
	GetHandleVerifier [0x00DE154B+426987]
	GetHandleVerifier [0x00DC4FFD+310941]
	GetHandleVerifier [0x00DC5D8E+314414]
	GetHandleVerifier [0x00DC5D19+314297]
	GetHandleVerifier [0x00E831EC+1089676]
	GetHandleVerifier [0x00E817C9+1082985]
	GetHandleVerifier [0x00E813A3+1081923]
	GetHandleVerifier [0x00F7D9FD+2115741]
	Ordinal0 [0x00CAB82E+1488942]
	Ordinal0 [0x00C45A7D+1071741]
	Ordinal0 [0x00C4559B+1070491]
	Ordinal0 [0x00C454B1+1070257]
	Ordinal0 [0x00C7FF53+1310547]
	BaseThreadInitThunk [0x75866A14+36]
	RtlInitializeExceptionChain [0x77D9A9EF+143]
	RtlInitializeExceptionChain [0x77D9A9BA+90]
">
      <![CDATA[org.openqa.selenium.SessionNotCreatedException: session not created: This version of ChromeDriver only supports Chrome version 89
Current browser version is 93.0.4577.63 with binary path C:\Program Files (x86)\Google\Chrome\Application\chrome.exe
Build info: version: '3.8.1', revision: '6e95a6684b', time: '2017-12-01T18:33:54.468Z'
System info: host: 'HARSHADA', ip: '192.168.1.104', os.name: 'Windows 8.1', os.arch: 'amd64', os.version: '6.3', java.version: '1.8.0_161'
Driver info: driver.version: ChromeDriver
remote stacktrace: Backtrace:
Ordinal0 [0x00B5E7D3+124883]
Ordinal0 [0x00B5E7B1+124849]
GetHandleVerifier [0x00DA8688+193832]
GetHandleVerifier [0x00DC3AC5+305509]
GetHandleVerifier [0x00DC021B+291003]
GetHandleVerifier [0x00DBE0AC+282444]
GetHandleVerifier [0x00DE4A90+440624]
GetHandleVerifier [0x00DE47FC+439964]
GetHandleVerifier [0x00DE154B+426987]
GetHandleVerifier [0x00DC4FFD+310941]
GetHandleVerifier [0x00DC5D8E+314414]
GetHandleVerifier [0x00DC5D19+314297]
GetHandleVerifier [0x00E831EC+1089676]
GetHandleVerifier [0x00E817C9+1082985]
GetHandleVerifier [0x00E813A3+1081923]
GetHandleVerifier [0x00F7D9FD+2115741]
Ordinal0 [0x00CAB82E+1488942]
Ordinal0 [0x00C45A7D+1071741]
Ordinal0 [0x00C4559B+1070491]
Ordinal0 [0x00C454B1+1070257]
Ordinal0 [0x00C7FF53+1310547]
BaseThreadInitThunk [0x75866A14+36]
RtlInitializeExceptionChain [0x77D9A9EF+143]
RtlInitializeExceptionChain [0x77D9A9BA+90]

at sun.reflect.NativeConstructorAccessorImpl.newInstance0(Native Method)
at sun.reflect.NativeConstructorAccessorImpl.newInstance(NativeConstructorAccessorImpl.java:62)
at sun.reflect.DelegatingConstructorAccessorImpl.newInstance(DelegatingConstructorAccessorImpl.java:45)
at java.lang.reflect.Constructor.newInstance(Constructor.java:423)
at org.openqa.selenium.remote.W3CHandshakeResponse.lambda$new$0(W3CHandshakeResponse.java:57)
at org.openqa.selenium.remote.W3CHandshakeResponse.lambda$getResponseFunction$2(W3CHandshakeResponse.java:104)
at org.openqa.selenium.remote.ProtocolHandshake.lambda$createSession$0(ProtocolHandshake.java:123)
at java.util.stream.ReferencePipeline$3$1.accept(ReferencePipeline.java:193)
at java.util.Spliterators$ArraySpliterator.tryAdvance(Spliterators.java:958)
at java.util.stream.ReferencePipeline.forEachWithCancel(ReferencePipeline.java:126)
at java.util.stream.AbstractPipeline.copyIntoWithCancel(AbstractPipeline.java:498)
at java.util.stream.AbstractPipeline.copyInto(AbstractPipeline.java:485)
at java.util.stream.AbstractPipeline.wrapAndCopyInto(AbstractPipeline.java:471)
at java.util.stream.FindOps$FindOp.evaluateSequential(FindOps.java:152)
at java.util.stream.AbstractPipeline.evaluate(AbstractPipeline.java:234)
at java.util.stream.ReferencePipeline.findFirst(ReferencePipeline.java:464)
at org.openqa.selenium.remote.ProtocolHandshake.createSession(ProtocolHandshake.java:126)
at org.openqa.selenium.remote.ProtocolHandshake.createSession(ProtocolHandshake.java:73)
at org.openqa.selenium.remote.HttpCommandExecutor.execute(HttpCommandExecutor.java:142)
at org.openqa.selenium.remote.service.DriverCommandExecutor.execute(DriverCommandExecutor.java:83)
at org.openqa.selenium.remote.RemoteWebDriver.execute(RemoteWebDriver.java:601)
at org.openqa.selenium.remote.RemoteWebDriver.startSession(RemoteWebDriver.java:219)
at org.openqa.selenium.remote.RemoteWebDriver.<init>(RemoteWebDriver.java:142)
at org.openqa.selenium.chrome.ChromeDriver.<init>(ChromeDriver.java:181)
at org.openqa.selenium.chrome.ChromeDriver.<init>(ChromeDriver.java:168)
at org.openqa.selenium.chrome.ChromeDriver.<init>(ChromeDriver.java:123)
at basepackage.BaseTest.launchApp(BaseTest.java:37)
at LoginPageTest.setup(LoginPageTest.java:15)
at sun.reflect.NativeMethodAccessorImpl.invoke0(Native Method)
at sun.reflect.NativeMethodAccessorImpl.invoke(NativeMethodAccessorImpl.java:62)
at sun.reflect.DelegatingMethodAccessorImpl.invoke(DelegatingMethodAccessorImpl.java:43)
at java.lang.reflect.Method.invoke(Method.java:498)
at org.testng.internal.MethodInvocationHelper.invokeMethod(MethodInvocationHelper.java:133)
at org.testng.internal.MethodInvocationHelper.invokeMethodConsideringTimeout(MethodInvocationHelper.java:62)
at org.testng.internal.ConfigInvoker.invokeConfigurationMethod(ConfigInvoker.java:340)
at org.testng.internal.ConfigInvoker.invokeConfigurations(ConfigInvoker.java:294)
at org.testng.internal.TestInvoker.runConfigMethods(TestInvoker.java:683)
at org.testng.internal.TestInvoker.invokeMethod(TestInvoker.java:510)
at org.testng.internal.TestInvoker.invokeTestMethod(TestInvoker.java:172)
at org.testng.internal.MethodRunner.runInSequence(MethodRunner.java:46)
at org.testng.internal.TestInvoker$MethodInvocationAgent.invoke(TestInvoker.java:804)
at org.testng.internal.TestInvoker.invokeTestMethods(TestInvoker.java:145)
at org.testng.internal.TestMethodWorker.invokeTestMethods(TestMethodWorker.java:146)
at org.testng.internal.TestMethodWorker.run(TestMethodWorker.java:128)
at java.util.ArrayList.forEach(ArrayList.java:1257)
at org.testng.TestRunner.privateRun(TestRunner.java:770)
at org.testng.TestRunner.run(TestRunner.java:591)
at org.testng.SuiteRunner.runTest(SuiteRunner.java:402)
at org.testng.SuiteRunner.runSequentially(SuiteRunner.java:396)
at org.testng.SuiteRunner.privateRun(SuiteRunner.java:355)
at org.testng.SuiteRunner.run(SuiteRunner.java:304)
at org.testng.SuiteRunnerWorker.runSuite(SuiteRunnerWorker.java:53)
at org.testng.SuiteRunnerWorker.run(SuiteRunnerWorker.java:96)
at org.testng.TestNG.runSuitesSequentially(TestNG.java:1180)
at org.testng.TestNG.runSuitesLocally(TestNG.java:1102)
at org.testng.TestNG.runSuites(TestNG.java:1032)
at org.testng.TestNG.run(TestNG.java:1000)
at org.testng.remote.AbstractRemoteTestNG.run(AbstractRemoteTestNG.java:115)
at org.testng.remote.RemoteTestNG.initAndRun(RemoteTestNG.java:251)
at org.testng.remote.RemoteTestNG.main(RemoteTestNG.java:77)
]]>
    </error>
  </testcase> <!-- setup -->
  <testcase name="verifyloginPageTitle" time="0.000" classname="LoginPageTest">
    <skipped/>
  </testcase> <!-- verifyloginPageTitle -->
  <testcase name="verifyHeaderofLoginPage" time="0.000" classname="LoginPageTest">
    <skipped/>
  </testcase> <!-- verifyHeaderofLoginPage -->
</testsuite> <!-- LoginPageTest -->
